10.9654 	INFO 	Loaded monitor calibration from ['2026_03_09 14:21']
10.9775 	WARNING 	User requested fullscreen with size [1440  900], but screen is actually [1920, 1080]. Using actual size
12.7283 	INFO 	Using renderer 'Intel(R) UHD Graphics 620' for graphics
12.7283 	INFO 	OpenGL version supported by driver is 4..
13.6495 	EXP 	Created window1 = Window(allowGUI=False, allowStencil=False, autoLog=True, backendConf=UNKNOWN, backgroundFit=<method-wrapper '__getattribute__' of attributeSetter object at 0x000001A44B9A7B20>, backgroundImage=<method-wrapper '__getattribute__' of attributeSetter object at 0x000001A44B9A7B80>, bitsMode=UNKNOWN, blendMode='avg', bpc=(8, 8, 8), color=array([0, 0, 0]), colorSpace='rgb', depthBits=8, fullscr=True, gamma=None, gammaErrorPolicy='raise', infoMsg=UNKNOWN, lms=UNKNOWN, monitor=<psychopy.monitors.calibTools.Monitor object at 0x000001A444A68E80>, multiSample=False, name='window1', numSamples=2, pos=[np.float64(0.0), np.float64(0.0)], screen=0, size=array([1920, 1080]), stencilBits=0, stereo=False, title='PsychoPy', units='height', useFBO=True, useRetina=False, viewOri=0.0, viewPos=None, viewScale=None, waitBlanking=True, winType='pyglet')
13.6495 	EXP 	window1: backgroundImage = ''
13.6496 	EXP 	window1: backgroundFit = 'none'
14.2209 	EXP 	window1: Attempting to measure frame rate of screen (0) ...
14.2209 	EXP 	window1: recordFrameIntervals = False
14.3896 	EXP 	window1: recordFrameIntervals = True
14.6558 	WARNING 	t of last frame was 33.16ms (=1/30)
14.7887 	WARNING 	t of last frame was 32.27ms (=1/30)
14.9186 	WARNING 	t of last frame was 29.28ms (=1/34)
15.2066 	WARNING 	t of last frame was 34.26ms (=1/29)
15.3292 	WARNING 	Multiple dropped frames have occurred - I'll stop bothering you about them!
16.0722 	EXP 	window1: recordFrameIntervals = False
16.0723 	EXP 	Screen (0) actual frame rate measured at 59.91Hz
16.2514 	INFO 	keyboard.Keyboard is using ptb backend.
16.2515 	EXP 	numbers: status = STARTED
16.3339 	EXP 	Created image = ImageStim(__class__=<class 'psychopy.visual.image.ImageStim'>, anchor=('center', 'center'), autoLog=True, color=array([1., 1., 1.]), colorSpace='rgb', contrast=1.0, depth=-2.0, draggable=False, flipHoriz=np.False_, flipVert=np.False_, image='default.png', interpolate=True, mask=None, maskParams=None, name='image', opacity=1, ori=0.0, pos=array([0. , 0.2]), size=array([0.3, 0.3]), texRes=128.0, units='height', win=Window(...))
16.7864 	EXP 	Created number_of_correct_text = TextStim(__class__=<class 'psychopy.visual.text.TextStim'>, alignHoriz=method-wrapper(...), alignText='center', alignVert=method-wrapper(...), anchorHoriz='center', anchorVert='center', antialias=True, autoDraw=False, autoLog=True, bold=False, color=array([1., 1., 1.]), colorSpace='rgb', contrast=1.0, depth=-14.0, draggable=False, flipHoriz=False, flipVert=False, font='Arial', fontFiles=[], height=0.05, italic=False, languageStyle='LTR', name='number_of_correct_text', opacity=1, ori=0.0, pos=array([0.4, 0.4]), rgb=UNKNOWN, text='', units='height', win=Window(...), wrapWidth=1)
16.7873 	EXP 	Created number_of_incorrect_text = TextStim(__class__=<class 'psychopy.visual.text.TextStim'>, alignHoriz=method-wrapper(...), alignText='center', alignVert=method-wrapper(...), anchorHoriz='center', anchorVert='center', antialias=True, autoDraw=False, autoLog=True, bold=False, color=array([1., 1., 1.]), colorSpace='rgb', contrast=1.0, depth=-15.0, draggable=False, flipHoriz=False, flipVert=False, font='Arial', fontFiles=[], height=0.05, italic=False, languageStyle='LTR', name='number_of_incorrect_text', opacity=1, ori=0.0, pos=array([-0.4,  0.4]), rgb=UNKNOWN, text='', units='height', win=Window(...), wrapWidth=1)
16.7916 	EXP 	Created image_2 = ImageStim(__class__=<class 'psychopy.visual.image.ImageStim'>, anchor=('center', 'center'), autoLog=True, color=array([1., 1., 1.]), colorSpace='rgb', contrast=1.0, depth=-2.0, draggable=False, flipHoriz=np.False_, flipVert=np.False_, image='default.png', interpolate=True, mask=None, maskParams=None, name='image_2', opacity=1, ori=0.0, pos=array([0. , 0.2]), size=array([0.3, 0.3]), texRes=128.0, units='height', win=Window(...))
16.8292 	EXP 	Created number_of_correct_text_2 = TextStim(__class__=<class 'psychopy.visual.text.TextStim'>, alignHoriz=method-wrapper(...), alignText='center', alignVert=method-wrapper(...), anchorHoriz='center', anchorVert='center', antialias=True, autoDraw=False, autoLog=True, bold=False, color=array([1., 1., 1.]), colorSpace='rgb', contrast=1.0, depth=-4.0, draggable=False, flipHoriz=False, flipVert=False, font='Arial', fontFiles=[], height=0.05, italic=False, languageStyle='LTR', name='number_of_correct_text_2', opacity=1, ori=0.0, pos=array([0.4, 0.4]), rgb=UNKNOWN, text='', units='height', win=Window(...), wrapWidth=1)
16.8300 	EXP 	Created number_of_incorrect_text_2 = TextStim(__class__=<class 'psychopy.visual.text.TextStim'>, alignHoriz=method-wrapper(...), alignText='center', alignVert=method-wrapper(...), anchorHoriz='center', anchorVert='center', antialias=True, autoDraw=False, autoLog=True, bold=False, color=array([1., 1., 1.]), colorSpace='rgb', contrast=1.0, depth=-5.0, draggable=False, flipHoriz=False, flipVert=False, font='Arial', fontFiles=[], height=0.05, italic=False, languageStyle='LTR', name='number_of_incorrect_text_2', opacity=1, ori=0.0, pos=array([-0.4,  0.4]), rgb=UNKNOWN, text='', units='height', win=Window(...), wrapWidth=1)
16.9370 	EXP 	Created text_5 = TextStim(__class__=<class 'psychopy.visual.text.TextStim'>, alignHoriz=method-wrapper(...), alignText='center', alignVert=method-wrapper(...), anchorHoriz='center', anchorVert='center', antialias=True, autoDraw=False, autoLog=True, bold=False, color=array([1., 1., 1.]), colorSpace='rgb', contrast=1.0, depth=0.0, draggable=False, flipHoriz=False, flipVert=False, font='Arial', fontFiles=[], height=np.float64(0.05), italic=False, languageStyle='LTR', name='text_5', opacity=1, ori=0.0, pos=array([0., 0.]), rgb=UNKNOWN, text='Any text\n\nincluding line breaks', units='height', win=Window(...), wrapWidth=1)
16.9394 	EXP 	Created text_3 = TextStim(__class__=<class 'psychopy.visual.text.TextStim'>, alignHoriz=method-wrapper(...), alignText='center', alignVert=method-wrapper(...), anchorHoriz='center', anchorVert='center', antialias=True, autoDraw=False, autoLog=True, bold=False, color=array([1., 1., 1.]), colorSpace='rgb', contrast=1.0, depth=-1.0, draggable=False, flipHoriz=False, flipVert=False, font='Arial', fontFiles=[], height=np.float64(0.05), italic=False, languageStyle='LTR', name='text_3', opacity=1, ori=0.0, pos=array([0., 0.]), rgb=UNKNOWN, text=' ', units='height', win=Window(...), wrapWidth=1)
0.0097 	EXP 	Imported digit_paths_black.csv as conditions, 10 conditions, 8 params
0.0101 	EXP 	New trial (rep=0, index=0): <Trial 0 (0 in rep 0) data={'digit': np.int64(1), 'arabic_path': 'digits_output/Arabic/1_Arabic_black.png', 'hindi_path': 'digits_output/Hindi/1_Hindi_black.png', 'mandarin_path': 'digits_output/Mandarin/1_Mandarin_black.png', 'correct_answer': np.int64(1), 'total_time': np.int64(20), 'routine_time': np.int64(5), 'min_time_for_incorrect': np.int64(2), 'thisN': 0, 'thisTrialN': 0, 'thisRepN': 0}>
0.0102 	EXP 	New trial (rep=0, index=0): <Trial 0 (0 in rep 0) data={'thisN': 0, 'thisTrialN': 0, 'thisRepN': 0}>
0.1529 	EXP 	image: image = 'digits_output/Arabic/1_Arabic_black.png'
0.1529 	EXP 	number_of_correct_text: height = np.float64(0.05)
0.1529 	EXP 	number_of_correct_text: height = np.float64(0.05)
0.1529 	EXP 	number_of_correct_text: height = np.float64(0.05)
0.1529 	EXP 	number_of_correct_text: text = 'Number correct: 0'
0.1529 	EXP 	number_of_incorrect_text: height = np.float64(0.05)
0.1529 	EXP 	number_of_incorrect_text: height = np.float64(0.05)
0.1529 	EXP 	number_of_incorrect_text: height = np.float64(0.05)
0.1529 	EXP 	number_of_incorrect_text: text = 'Number incorrect: 0'
0.1529 	EXP 	image: autoDraw = True
0.1529 	EXP 	number_of_correct_text: autoDraw = True
0.1529 	EXP 	number_of_incorrect_text: autoDraw = True
1.9267 	DATA 	Mouse: Left button down, pos=(1213,236)
1.9270 	DATA 	Mouse:  Left button up, pos=(1213,236)
2.2030 	DATA 	Mouse: Left button down, pos=(1213,236)
2.2446 	EXP 	image: autoDraw = False
2.2446 	EXP 	number_of_correct_text: autoDraw = False
2.2446 	EXP 	number_of_incorrect_text: autoDraw = False
2.2446 	EXP 	image_2: image = 'digits_output/Arabic/1_Arabic_black.png'
2.2446 	EXP 	number_of_correct_text_2: height = np.float64(0.05)
2.2446 	EXP 	number_of_correct_text_2: height = np.float64(0.05)
2.2446 	EXP 	number_of_correct_text_2: height = np.float64(0.05)
2.2446 	EXP 	number_of_correct_text_2: text = 'Number correct: 0'
2.2446 	EXP 	number_of_incorrect_text_2: height = np.float64(0.05)
2.2446 	EXP 	number_of_incorrect_text_2: height = np.float64(0.05)
2.2446 	EXP 	number_of_incorrect_text_2: height = np.float64(0.05)
2.2446 	EXP 	number_of_incorrect_text_2: text = 'Number incorrect: 1'
2.2446 	EXP 	image_2: autoDraw = True
2.2446 	EXP 	number_of_correct_text_2: autoDraw = True
2.2446 	EXP 	number_of_incorrect_text_2: autoDraw = True
2.3248 	DATA 	Mouse:  Left button up, pos=(1217,236)
3.3794 	DATA 	Mouse: Left button down, pos=(962,477)
3.3801 	DATA 	Mouse:  Left button up, pos=(962,477)
3.9160 	DATA 	Mouse: Left button down, pos=(968,492)
3.9163 	DATA 	Mouse:  Left button up, pos=(968,492)
4.1316 	DATA 	Mouse: Left button down, pos=(968,492)
4.1458 	EXP 	image_2: autoDraw = False
4.1458 	EXP 	number_of_correct_text_2: autoDraw = False
4.1458 	EXP 	number_of_incorrect_text_2: autoDraw = False
4.1458 	EXP 	text_5: autoDraw = True
4.2680 	DATA 	Mouse:  Left button up, pos=(950,481)
9.1262 	EXP 	New trial (rep=1, index=0): <Trial 1 (0 in rep 1) data={'thisN': 1, 'thisTrialN': 0, 'thisRepN': 1}>
9.1740 	EXP 	text_5: autoDraw = False
9.1740 	EXP 	image: image = 'digits_output/Arabic/1_Arabic_black.png'
9.1740 	EXP 	number_of_correct_text: text = 'Number correct: 0'
9.1740 	EXP 	number_of_incorrect_text: height = np.float64(0.05)
9.1740 	EXP 	number_of_incorrect_text: height = np.float64(0.05)
9.1740 	EXP 	number_of_incorrect_text: height = np.float64(0.05)
9.1740 	EXP 	number_of_incorrect_text: text = 'Number incorrect: 1'
9.1740 	EXP 	image: autoDraw = True
9.1740 	EXP 	number_of_correct_text: autoDraw = True
9.1740 	EXP 	number_of_incorrect_text: autoDraw = True
10.5829 	DATA 	Keypress: escape
10.6122 	EXP 	Device response: <KeyPress from None: t=10.580917500075884, value=escape, duration=None>
10.6991 	EXP 	Device response: <KeyPress from None: t=10.580917500075884, value=escape, duration=0.110043799970299>
10.6991 	EXP 	numbers: status = STOPPED
10.7019 	EXP 	image: autoDraw = False
10.7019 	EXP 	number_of_correct_text: autoDraw = False
10.7019 	EXP 	number_of_incorrect_text: autoDraw = False
10.7020 	EXP 	numbers: status = STOPPED
10.7233 	INFO 	saved data to 'C:\\Users\\micha\\Desktop\\numerals\\data\\220543_numbers_2026-03-23_14h34.24.619.csv'
10.7246 	INFO 	saved data to C:\Users\micha\Desktop\numerals\data\220543_numbers_2026-03-23_14h34.24.619.psydat
12.3070 	WARNING 	Stopping key buffers but this could be dangerous ifother keyboards rely on the same.
