23.0857 	INFO 	Loaded monitor calibration from ['2026_03_09 14:21']
23.0981 	WARNING 	User requested fullscreen with size [1440  900], but screen is actually [1920, 1080]. Using actual size
24.6957 	INFO 	Using renderer 'Intel(R) UHD Graphics 620' for graphics
24.6957 	INFO 	OpenGL version supported by driver is 4..
25.5983 	EXP 	Created window1 = Window(allowGUI=False, allowStencil=False, autoLog=True, backendConf=UNKNOWN, backgroundFit=<method-wrapper '__getattribute__' of attributeSetter object at 0x000002939EBDB7F0>, backgroundImage=<method-wrapper '__getattribute__' of attributeSetter object at 0x000002939EBDBBB0>, bitsMode=UNKNOWN, blendMode='avg', bpc=(8, 8, 8), color=array([0, 0, 0]), colorSpace='rgb', depthBits=8, fullscr=True, gamma=None, gammaErrorPolicy='raise', infoMsg=UNKNOWN, lms=UNKNOWN, monitor=<psychopy.monitors.calibTools.Monitor object at 0x00000293A2FB78B0>, multiSample=False, name='window1', numSamples=2, pos=[np.float64(0.0), np.float64(0.0)], screen=0, size=array([1920, 1080]), stencilBits=0, stereo=False, title='PsychoPy', units='height', useFBO=True, useRetina=False, viewOri=0.0, viewPos=None, viewScale=None, waitBlanking=True, winType='pyglet')
25.5983 	EXP 	window1: backgroundImage = ''
25.5984 	EXP 	window1: backgroundFit = 'none'
26.1187 	EXP 	window1: Attempting to measure frame rate of screen (0) ...
26.1188 	EXP 	window1: recordFrameIntervals = False
26.3061 	EXP 	window1: recordFrameIntervals = True
26.4776 	WARNING 	t of last frame was 22.38ms (=1/44)
26.6061 	WARNING 	t of last frame was 34.51ms (=1/28)
26.8759 	WARNING 	t of last frame was 20.92ms (=1/47)
26.9968 	WARNING 	t of last frame was 25.42ms (=1/39)
27.2064 	WARNING 	Multiple dropped frames have occurred - I'll stop bothering you about them!
27.9877 	EXP 	window1: recordFrameIntervals = False
27.9877 	EXP 	Screen (0) actual frame rate measured at 59.98Hz
28.1889 	INFO 	keyboard.Keyboard is using ptb backend.
28.1889 	EXP 	numbers: status = STARTED
28.2275 	EXP 	Created image = ImageStim(__class__=<class 'psychopy.visual.image.ImageStim'>, anchor=('center', 'center'), autoLog=True, color=array([1., 1., 1.]), colorSpace='rgb', contrast=1.0, depth=-2.0, draggable=False, flipHoriz=np.False_, flipVert=np.False_, image='default.png', interpolate=True, mask=None, maskParams=None, name='image', opacity=1, ori=0.0, pos=array([0. , 0.2]), size=array([0.3, 0.3]), texRes=128.0, units='height', win=Window(...))
28.6571 	EXP 	Created number_of_correct_text = TextStim(__class__=<class 'psychopy.visual.text.TextStim'>, alignHoriz=method-wrapper(...), alignText='center', alignVert=method-wrapper(...), anchorHoriz='center', anchorVert='center', antialias=True, autoDraw=False, autoLog=True, bold=False, color=array([1., 1., 1.]), colorSpace='rgb', contrast=1.0, depth=-14.0, draggable=False, flipHoriz=False, flipVert=False, font='Arial', fontFiles=[], height=0.05, italic=False, languageStyle='LTR', name='number_of_correct_text', opacity=1, ori=0.0, pos=array([0.4, 0.4]), rgb=UNKNOWN, text='', units='height', win=Window(...), wrapWidth=1)
28.6584 	EXP 	Created number_of_incorrect_text = TextStim(__class__=<class 'psychopy.visual.text.TextStim'>, alignHoriz=method-wrapper(...), alignText='center', alignVert=method-wrapper(...), anchorHoriz='center', anchorVert='center', antialias=True, autoDraw=False, autoLog=True, bold=False, color=array([1., 1., 1.]), colorSpace='rgb', contrast=1.0, depth=-15.0, draggable=False, flipHoriz=False, flipVert=False, font='Arial', fontFiles=[], height=0.05, italic=False, languageStyle='LTR', name='number_of_incorrect_text', opacity=1, ori=0.0, pos=array([-0.4,  0.4]), rgb=UNKNOWN, text='', units='height', win=Window(...), wrapWidth=1)
28.6624 	EXP 	Created image_2 = ImageStim(__class__=<class 'psychopy.visual.image.ImageStim'>, anchor=('center', 'center'), autoLog=True, color=array([1., 1., 1.]), colorSpace='rgb', contrast=1.0, depth=-2.0, draggable=False, flipHoriz=np.False_, flipVert=np.False_, image='default.png', interpolate=True, mask=None, maskParams=None, name='image_2', opacity=1, ori=0.0, pos=array([0. , 0.2]), size=array([0.3, 0.3]), texRes=128.0, units='height', win=Window(...))
28.7032 	EXP 	Created number_of_correct_text_2 = TextStim(__class__=<class 'psychopy.visual.text.TextStim'>, alignHoriz=method-wrapper(...), alignText='center', alignVert=method-wrapper(...), anchorHoriz='center', anchorVert='center', antialias=True, autoDraw=False, autoLog=True, bold=False, color=array([1., 1., 1.]), colorSpace='rgb', contrast=1.0, depth=-4.0, draggable=False, flipHoriz=False, flipVert=False, font='Arial', fontFiles=[], height=0.05, italic=False, languageStyle='LTR', name='number_of_correct_text_2', opacity=1, ori=0.0, pos=array([0.4, 0.4]), rgb=UNKNOWN, text='', units='height', win=Window(...), wrapWidth=1)
28.7046 	EXP 	Created number_of_incorrect_text_2 = TextStim(__class__=<class 'psychopy.visual.text.TextStim'>, alignHoriz=method-wrapper(...), alignText='center', alignVert=method-wrapper(...), anchorHoriz='center', anchorVert='center', antialias=True, autoDraw=False, autoLog=True, bold=False, color=array([1., 1., 1.]), colorSpace='rgb', contrast=1.0, depth=-5.0, draggable=False, flipHoriz=False, flipVert=False, font='Arial', fontFiles=[], height=0.05, italic=False, languageStyle='LTR', name='number_of_incorrect_text_2', opacity=1, ori=0.0, pos=array([-0.4,  0.4]), rgb=UNKNOWN, text='', units='height', win=Window(...), wrapWidth=1)
28.7963 	EXP 	Created text_5 = TextStim(__class__=<class 'psychopy.visual.text.TextStim'>, alignHoriz=method-wrapper(...), alignText='center', alignVert=method-wrapper(...), anchorHoriz='center', anchorVert='center', antialias=True, autoDraw=False, autoLog=True, bold=False, color=array([1., 1., 1.]), colorSpace='rgb', contrast=1.0, depth=0.0, draggable=False, flipHoriz=False, flipVert=False, font='Arial', fontFiles=[], height=np.float64(0.05), italic=False, languageStyle='LTR', name='text_5', opacity=1, ori=0.0, pos=array([0., 0.]), rgb=UNKNOWN, text=' ', units='height', win=Window(...), wrapWidth=1)
28.7985 	EXP 	Created text_3 = TextStim(__class__=<class 'psychopy.visual.text.TextStim'>, alignHoriz=method-wrapper(...), alignText='center', alignVert=method-wrapper(...), anchorHoriz='center', anchorVert='center', antialias=True, autoDraw=False, autoLog=True, bold=False, color=array([1., 1., 1.]), colorSpace='rgb', contrast=1.0, depth=-1.0, draggable=False, flipHoriz=False, flipVert=False, font='Arial', fontFiles=[], height=np.float64(0.05), italic=False, languageStyle='LTR', name='text_3', opacity=1, ori=0.0, pos=array([0., 0.]), rgb=UNKNOWN, text=' ', units='height', win=Window(...), wrapWidth=1)
0.0135 	EXP 	Imported digit_paths_black.csv as conditions, 10 conditions, 8 params
0.0138 	EXP 	New trial (rep=0, index=0): <Trial 0 (0 in rep 0) data={'digit': np.int64(0), 'arabic_path': 'digits_output/Arabic/0_Arabic_black.png', 'hindi_path': 'digits_output/Hindi/0_Hindi_black.png', 'mandarin_path': 'digits_output/Mandarin/0_Mandarin_black.png', 'correct_answer': np.int64(0), 'total_time': np.int64(20), 'routine_time': np.int64(5), 'min_time_for_incorrect': np.int64(2), 'thisN': 0, 'thisTrialN': 0, 'thisRepN': 0}>
0.0140 	EXP 	New trial (rep=0, index=0): <Trial 0 (0 in rep 0) data={'thisN': 0, 'thisTrialN': 0, 'thisRepN': 0}>
0.1366 	EXP 	image: image = 'digits_output/Arabic/0_Arabic_black.png'
0.1366 	EXP 	number_of_correct_text: height = np.float64(0.05)
0.1366 	EXP 	number_of_correct_text: height = np.float64(0.05)
0.1366 	EXP 	number_of_correct_text: height = np.float64(0.05)
0.1366 	EXP 	number_of_correct_text: text = 'Number correct: 0'
0.1366 	EXP 	number_of_incorrect_text: height = np.float64(0.05)
0.1366 	EXP 	number_of_incorrect_text: height = np.float64(0.05)
0.1366 	EXP 	number_of_incorrect_text: height = np.float64(0.05)
0.1366 	EXP 	number_of_incorrect_text: text = 'Number incorrect: 0'
0.1366 	EXP 	image: autoDraw = True
0.1366 	EXP 	number_of_correct_text: autoDraw = True
0.1366 	EXP 	number_of_incorrect_text: autoDraw = True
0.8015 	DATA 	Mouse: Left button down, pos=(961,470)
0.8020 	DATA 	Mouse:  Left button up, pos=(961,470)
1.6290 	DATA 	Mouse: Left button down, pos=(972,471)
1.6295 	DATA 	Mouse:  Left button up, pos=(972,471)
2.0648 	DATA 	Mouse: Left button down, pos=(963,455)
2.0659 	DATA 	Mouse:  Left button up, pos=(963,455)
2.4073 	DATA 	Mouse: Left button down, pos=(973,459)
2.4078 	DATA 	Mouse:  Left button up, pos=(973,459)
2.6408 	DATA 	Mouse: Left button down, pos=(973,459)
2.6682 	DATA 	Mouse:  Left button up, pos=(969,462)
2.6757 	EXP 	image: autoDraw = False
2.6757 	EXP 	number_of_correct_text: autoDraw = False
2.6757 	EXP 	number_of_incorrect_text: autoDraw = False
2.6757 	EXP 	image_2: image = 'digits_output/Arabic/0_Arabic_black.png'
2.6757 	EXP 	number_of_correct_text_2: height = np.float64(0.05)
2.6757 	EXP 	number_of_correct_text_2: height = np.float64(0.05)
2.6757 	EXP 	number_of_correct_text_2: height = np.float64(0.05)
2.6757 	EXP 	number_of_correct_text_2: text = 'Number correct: 0'
2.6757 	EXP 	number_of_incorrect_text_2: height = np.float64(0.05)
2.6757 	EXP 	number_of_incorrect_text_2: height = np.float64(0.05)
2.6757 	EXP 	number_of_incorrect_text_2: height = np.float64(0.05)
2.6757 	EXP 	number_of_incorrect_text_2: text = 'Number incorrect: 1'
2.6757 	EXP 	image_2: autoDraw = True
2.6757 	EXP 	number_of_correct_text_2: autoDraw = True
2.6757 	EXP 	number_of_incorrect_text_2: autoDraw = True
2.8852 	DATA 	Mouse: Left button down, pos=(967,483)
2.8855 	DATA 	Mouse:  Left button up, pos=(967,483)
3.5657 	DATA 	Mouse: Left button down, pos=(962,490)
3.5660 	DATA 	Mouse:  Left button up, pos=(962,490)
3.9817 	DATA 	Mouse: Left button down, pos=(960,495)
3.9822 	DATA 	Mouse:  Left button up, pos=(960,495)
4.0768 	DATA 	Mouse: Left button down, pos=(960,495)
4.0888 	EXP 	image_2: autoDraw = False
4.0888 	EXP 	number_of_correct_text_2: autoDraw = False
4.0888 	EXP 	number_of_incorrect_text_2: autoDraw = False
4.0888 	EXP 	text_5: autoDraw = True
4.1429 	DATA 	Mouse:  Left button up, pos=(955,474)
4.3248 	DATA 	Mouse: Left button down, pos=(953,476)
4.3251 	DATA 	Mouse:  Left button up, pos=(953,476)
9.0695 	EXP 	New trial (rep=1, index=0): <Trial 1 (0 in rep 1) data={'thisN': 1, 'thisTrialN': 0, 'thisRepN': 1}>
9.1112 	EXP 	text_5: autoDraw = False
9.1112 	EXP 	image: image = 'digits_output/Arabic/0_Arabic_black.png'
9.1112 	EXP 	number_of_correct_text: text = 'Number correct: 0'
9.1112 	EXP 	number_of_incorrect_text: height = np.float64(0.05)
9.1112 	EXP 	number_of_incorrect_text: height = np.float64(0.05)
9.1112 	EXP 	number_of_incorrect_text: height = np.float64(0.05)
9.1112 	EXP 	number_of_incorrect_text: text = 'Number incorrect: 1'
9.1112 	EXP 	image: autoDraw = True
9.1112 	EXP 	number_of_correct_text: autoDraw = True
9.1112 	EXP 	number_of_incorrect_text: autoDraw = True
11.9614 	DATA 	Keypress: escape
11.9822 	EXP 	Device response: <KeyPress from None: t=11.960604300023988, value=escape, duration=None>
12.3546 	EXP 	Device response: <KeyPress from None: t=11.960604300023988, value=escape, duration=0.365342199918814>
12.3547 	EXP 	numbers: status = STOPPED
12.3576 	EXP 	image: autoDraw = False
12.3576 	EXP 	number_of_correct_text: autoDraw = False
12.3576 	EXP 	number_of_incorrect_text: autoDraw = False
12.3576 	EXP 	numbers: status = STOPPED
12.3617 	INFO 	saved data to 'C:\\Users\\micha\\Desktop\\numerals\\data\\348557_numbers_2026-03-23_14h35.11.004.csv'
12.3628 	INFO 	saved data to C:\Users\micha\Desktop\numerals\data\348557_numbers_2026-03-23_14h35.11.004.psydat
13.9535 	WARNING 	Stopping key buffers but this could be dangerous ifother keyboards rely on the same.
